<?xml version="1.0" encoding="UTF-8"?>
<testng-results ignored="0" total="1" passed="1" failed="0" skipped="0">
  <reporter-output>
  </reporter-output>
  <suite started-at="2023-05-06T13:11:52 IST" name="Default suite" finished-at="2023-05-06T13:12:00 IST" duration-ms="7843">
    <groups>
    </groups>
    <test started-at="2023-05-06T13:11:52 IST" name="Default test" finished-at="2023-05-06T13:12:00 IST" duration-ms="7843">
      <class name="amazon.testcases.loginpagetest">
        <test-method is-config="true" signature="loadConfig()[pri:0, instance:amazon.testcases.loginpagetest@d9345cd]" started-at="2023-05-06T13:11:52 IST" name="loadConfig" finished-at="2023-05-06T13:11:52 IST" duration-ms="5" status="PASS">
          <reporter-output>
          </reporter-output>
        </test-method> <!-- loadConfig -->
        <test-method is-config="true" signature="setup()[pri:0, instance:amazon.testcases.loginpagetest@d9345cd]" started-at="2023-05-06T13:11:52 IST" name="setup" finished-at="2023-05-06T13:11:57 IST" duration-ms="4841" status="PASS">
          <reporter-output>
          </reporter-output>
        </test-method> <!-- setup -->
        <test-method signature="logintest()[pri:0, instance:amazon.testcases.loginpagetest@d9345cd]" started-at="2023-05-06T13:11:57 IST" name="logintest" finished-at="2023-05-06T13:12:00 IST" duration-ms="2758" status="PASS">
          <reporter-output>
          </reporter-output>
        </test-method> <!-- logintest -->
        <test-method is-config="true" signature="tearDown()[pri:0, instance:amazon.testcases.loginpagetest@d9345cd]" started-at="2023-05-06T13:12:00 IST" name="tearDown" finished-at="2023-05-06T13:12:00 IST" duration-ms="206" status="PASS">
          <reporter-output>
          </reporter-output>
        </test-method> <!-- tearDown -->
      </class> <!-- amazon.testcases.loginpagetest -->
    </test> <!-- Default test -->
  </suite> <!-- Default suite -->
</testng-results>
